<?xml version="1.0" encoding="UTF-8"?>
<testng-results ignored="0" total="4" passed="3" failed="1" skipped="0">
  <reporter-output>
  </reporter-output>
  <suite started-at="2022-09-20T16:55:23 IST" name="Suite1234" finished-at="2022-09-20T16:59:00 IST" duration-ms="216660">
    <groups>
    </groups>
    <test started-at="2022-09-20T16:55:23 IST" name="ChromeTest" finished-at="2022-09-20T16:59:00 IST" duration-ms="216660">
      <class name="tempTestPack.TestNgTestClass2">
        <test-method is-config="true" signature="launchBrowser(java.lang.String)[pri:0, instance:tempTestPack.TestNgTestClass2@4a94ee4]" started-at="2022-09-20T16:56:11 IST" name="launchBrowser" finished-at="2022-09-20T16:56:35 IST" duration-ms="24206" status="PASS">
          <params>
            <param index="0">
              <value>
                <![CDATA[Chrome]]>
              </value>
            </param>
          </params>
          <reporter-output>
          </reporter-output>
        </test-method> <!-- launchBrowser -->
        <test-method is-config="true" signature="beforeClass()[pri:0, instance:tempTestPack.TestNgTestClass2@4a94ee4]" started-at="2022-09-20T16:57:23 IST" name="beforeClass" finished-at="2022-09-20T16:57:27 IST" duration-ms="4122" status="PASS">
          <reporter-output>
          </reporter-output>
        </test-method> <!-- beforeClass -->
        <test-method is-config="true" signature="beforeMethod()[pri:0, instance:tempTestPack.TestNgTestClass2@4a94ee4]" started-at="2022-09-20T16:57:27 IST" name="beforeMethod" finished-at="2022-09-20T16:57:28 IST" duration-ms="507" status="PASS">
          <reporter-output>
          </reporter-output>
        </test-method> <!-- beforeMethod -->
        <test-method signature="test()[pri:0, instance:tempTestPack.TestNgTestClass2@4a94ee4]" started-at="2022-09-20T16:57:28 IST" name="test" finished-at="2022-09-20T16:57:46 IST" duration-ms="18358" status="FAIL">
          <exception class="org.openqa.selenium.ElementClickInterceptedException">
            <message>
              <![CDATA[element click intercepted: Element is not clickable at point (74, 592)
  (Session info: chrome=105.0.5195.127)
Build info: version: '3.141.59', revision: 'e82be7d358', time: '2018-11-14T08:17:03'
System info: host: 'SANJOG-PC', ip: '192.168.43.245', os.name: 'Windows 7', os.arch: 'amd64', os.version: '6.1', java.version: '18.0.1.1'
Driver info: org.openqa.selenium.chrome.ChromeDriver
Capabilities {acceptInsecureCerts: false, browserName: chrome, browserVersion: 105.0.5195.127, chrome: {chromedriverVersion: 105.0.5195.52 (412c95e51883..., userDataDir: C:\Users\Sanjog\AppData\Loc...}, goog:chromeOptions: {debuggerAddress: localhost:50341}, javascriptEnabled: true, networkConnectionEnabled: false, pageLoadStrategy: normal, platform: WINDOWS, platformName: WINDOWS, proxy: Proxy(), setWindowRect: true, strictFileInteractability: false, timeouts: {implicit: 0, pageLoad: 300000, script: 30000}, unhandledPromptBehavior: dismiss and notify, webauthn:extension:credBlob: true, webauthn:extension:largeBlob: true, webauthn:virtualAuthenticators: true}
Session ID: c8f7e7db54ccba80f84fe3943d30a63e]]>
            </message>
            <full-stacktrace>
              <![CDATA[org.openqa.selenium.ElementClickInterceptedException: element click intercepted: Element is not clickable at point (74, 592)
  (Session info: chrome=105.0.5195.127)
Build info: version: '3.141.59', revision: 'e82be7d358', time: '2018-11-14T08:17:03'
System info: host: 'SANJOG-PC', ip: '192.168.43.245', os.name: 'Windows 7', os.arch: 'amd64', os.version: '6.1', java.version: '18.0.1.1'
Driver info: org.openqa.selenium.chrome.ChromeDriver
Capabilities {acceptInsecureCerts: false, browserName: chrome, browserVersion: 105.0.5195.127, chrome: {chromedriverVersion: 105.0.5195.52 (412c95e51883..., userDataDir: C:\Users\Sanjog\AppData\Loc...}, goog:chromeOptions: {debuggerAddress: localhost:50341}, javascriptEnabled: true, networkConnectionEnabled: false, pageLoadStrategy: normal, platform: WINDOWS, platformName: WINDOWS, proxy: Proxy(), setWindowRect: true, strictFileInteractability: false, timeouts: {implicit: 0, pageLoad: 300000, script: 30000}, unhandledPromptBehavior: dismiss and notify, webauthn:extension:credBlob: true, webauthn:extension:largeBlob: true, webauthn:virtualAuthenticators: true}
Session ID: c8f7e7db54ccba80f84fe3943d30a63e
at java.base/jdk.internal.reflect.DirectConstructorHandleAccessor.newInstance(DirectConstructorHandleAccessor.java:67)
at java.base/java.lang.reflect.Constructor.newInstanceWithCaller(Constructor.java:499)
at java.base/java.lang.reflect.Constructor.newInstance(Constructor.java:483)
at org.openqa.selenium.remote.http.W3CHttpResponseCodec.createException(W3CHttpResponseCodec.java:187)
at org.openqa.selenium.remote.http.W3CHttpResponseCodec.decode(W3CHttpResponseCodec.java:122)
at org.openqa.selenium.remote.http.W3CHttpResponseCodec.decode(W3CHttpResponseCodec.java:49)
at org.openqa.selenium.remote.HttpCommandExecutor.execute(HttpCommandExecutor.java:158)
at org.openqa.selenium.remote.service.DriverCommandExecutor.execute(DriverCommandExecutor.java:83)
at org.openqa.selenium.remote.RemoteWebDriver.execute(RemoteWebDriver.java:552)
at org.openqa.selenium.remote.RemoteWebElement.execute(RemoteWebElement.java:285)
at org.openqa.selenium.remote.RemoteWebElement.click(RemoteWebElement.java:84)
at java.base/jdk.internal.reflect.DirectMethodHandleAccessor.invoke(DirectMethodHandleAccessor.java:104)
at java.base/java.lang.reflect.Method.invoke(Method.java:577)
at org.openqa.selenium.support.pagefactory.internal.LocatingElementHandler.invoke(LocatingElementHandler.java:51)
at jdk.proxy2/jdk.proxy2.$Proxy17.click(Unknown Source)
at pack.HomePage.clickOnShare(HomePage.java:34)
at tempTestPack.TestNgTestClass2.test(TestNgTestClass2.java:95)
at java.base/jdk.internal.reflect.DirectMethodHandleAccessor.invoke(DirectMethodHandleAccessor.java:104)
at java.base/java.lang.reflect.Method.invoke(Method.java:577)
at org.testng.internal.MethodInvocationHelper.invokeMethod(MethodInvocationHelper.java:133)
at org.testng.internal.TestInvoker.invokeMethod(TestInvoker.java:598)
at org.testng.internal.TestInvoker.invokeTestMethod(TestInvoker.java:173)
at org.testng.internal.MethodRunner.runInSequence(MethodRunner.java:46)
at org.testng.internal.TestInvoker$MethodInvocationAgent.invoke(TestInvoker.java:824)
at org.testng.internal.TestInvoker.invokeTestMethods(TestInvoker.java:146)
at org.testng.internal.TestMethodWorker.invokeTestMethods(TestMethodWorker.java:146)
at org.testng.internal.TestMethodWorker.run(TestMethodWorker.java:128)
at java.base/java.util.ArrayList.forEach(ArrayList.java:1511)
at org.testng.TestRunner.privateRun(TestRunner.java:794)
at org.testng.TestRunner.run(TestRunner.java:596)
at org.testng.SuiteRunner.runTest(SuiteRunner.java:377)
at org.testng.SuiteRunner.runSequentially(SuiteRunner.java:371)
at org.testng.SuiteRunner.privateRun(SuiteRunner.java:332)
at org.testng.SuiteRunner.run(SuiteRunner.java:276)
at org.testng.SuiteRunnerWorker.runSuite(SuiteRunnerWorker.java:53)
at org.testng.SuiteRunnerWorker.run(SuiteRunnerWorker.java:96)
at org.testng.TestNG.runSuitesSequentially(TestNG.java:1212)
at org.testng.TestNG.runSuitesLocally(TestNG.java:1134)
at org.testng.TestNG.runSuites(TestNG.java:1063)
at org.testng.TestNG.run(TestNG.java:1031)
at org.testng.remote.AbstractRemoteTestNG.run(AbstractRemoteTestNG.java:115)
at org.testng.remote.RemoteTestNG.initAndRun(RemoteTestNG.java:251)
at org.testng.remote.RemoteTestNG.main(RemoteTestNG.java:77)
]]>
            </full-stacktrace>
          </exception> <!-- org.openqa.selenium.ElementClickInterceptedException -->
          <reporter-output>
          </reporter-output>
        </test-method> <!-- test -->
        <test-method is-config="true" signature="clickOnLogoutButton(org.testng.ITestResult)[pri:0, instance:tempTestPack.TestNgTestClass2@4a94ee4]" started-at="2022-09-20T16:57:46 IST" name="clickOnLogoutButton" finished-at="2022-09-20T16:58:05 IST" duration-ms="18992" status="PASS">
          <params>
            <param index="0">
              <value>
                <![CDATA[[TestResult name=test status=FAILURE method=TestNgTestClass2.test()[pri:0, instance:tempTestPack.TestNgTestClass2@4a94ee4] output={null}]]]>
              </value>
            </param>
          </params>
          <reporter-output>
          </reporter-output>
        </test-method> <!-- clickOnLogoutButton -->
        <test-method is-config="true" signature="beforeMethod()[pri:0, instance:tempTestPack.TestNgTestClass2@4a94ee4]" started-at="2022-09-20T16:58:05 IST" name="beforeMethod" finished-at="2022-09-20T16:58:06 IST" duration-ms="505" status="PASS">
          <reporter-output>
          </reporter-output>
        </test-method> <!-- beforeMethod -->
        <test-method signature="test1()[pri:0, instance:tempTestPack.TestNgTestClass2@4a94ee4]" started-at="2022-09-20T16:58:06 IST" name="test1" finished-at="2022-09-20T16:58:28 IST" duration-ms="22783" status="PASS">
          <reporter-output>
          </reporter-output>
        </test-method> <!-- test1 -->
        <test-method is-config="true" signature="clickOnLogoutButton(org.testng.ITestResult)[pri:0, instance:tempTestPack.TestNgTestClass2@4a94ee4]" started-at="2022-09-20T16:58:28 IST" name="clickOnLogoutButton" finished-at="2022-09-20T16:58:58 IST" duration-ms="29173" status="PASS">
          <params>
            <param index="0">
              <value>
                <![CDATA[[TestResult name=test1 status=SUCCESS method=TestNgTestClass2.test1()[pri:0, instance:tempTestPack.TestNgTestClass2@4a94ee4] output={null}]]]>
              </value>
            </param>
          </params>
          <reporter-output>
          </reporter-output>
        </test-method> <!-- clickOnLogoutButton -->
        <test-method is-config="true" signature="cleanPOMObjects()[pri:0, instance:tempTestPack.TestNgTestClass2@4a94ee4]" started-at="2022-09-20T16:58:58 IST" name="cleanPOMObjects" finished-at="2022-09-20T16:58:58 IST" duration-ms="0" status="PASS">
          <reporter-output>
          </reporter-output>
        </test-method> <!-- cleanPOMObjects -->
        <test-method is-config="true" signature="closedBrowser()[pri:0, instance:tempTestPack.TestNgTestClass2@4a94ee4]" started-at="2022-09-20T16:59:00 IST" name="closedBrowser" finished-at="2022-09-20T16:59:00 IST" duration-ms="43" status="PASS">
          <reporter-output>
          </reporter-output>
        </test-method> <!-- closedBrowser -->
      </class> <!-- tempTestPack.TestNgTestClass2 -->
      <class name="tempTestPack.TestNgTestClass">
        <test-method is-config="true" signature="launchBrowser(java.lang.String)[pri:0, instance:tempTestPack.TestNgTestClass@4f6ee6e4]" started-at="2022-09-20T16:55:23 IST" name="launchBrowser" finished-at="2022-09-20T16:56:11 IST" duration-ms="47580" status="PASS">
          <params>
            <param index="0">
              <value>
                <![CDATA[Chrome]]>
              </value>
            </param>
          </params>
          <reporter-output>
          </reporter-output>
        </test-method> <!-- launchBrowser -->
        <test-method is-config="true" signature="beforeClass()[pri:0, instance:tempTestPack.TestNgTestClass@4f6ee6e4]" started-at="2022-09-20T16:56:36 IST" name="beforeClass" finished-at="2022-09-20T16:56:47 IST" duration-ms="11029" status="PASS">
          <reporter-output>
          </reporter-output>
        </test-method> <!-- beforeClass -->
        <test-method is-config="true" signature="beforeMethod()[pri:0, instance:tempTestPack.TestNgTestClass@4f6ee6e4]" started-at="2022-09-20T16:56:47 IST" name="beforeMethod" finished-at="2022-09-20T16:56:48 IST" duration-ms="1412" status="PASS">
          <reporter-output>
          </reporter-output>
        </test-method> <!-- beforeMethod -->
        <test-method signature="buyShare()[pri:0, instance:tempTestPack.TestNgTestClass@4f6ee6e4]" started-at="2022-09-20T16:56:48 IST" name="buyShare" finished-at="2022-09-20T16:57:11 IST" duration-ms="23358" status="PASS">
          <reporter-output>
          </reporter-output>
        </test-method> <!-- buyShare -->
        <test-method is-config="true" signature="clickOnLogoutButton(org.testng.ITestResult)[pri:0, instance:tempTestPack.TestNgTestClass@4f6ee6e4]" started-at="2022-09-20T16:57:12 IST" name="clickOnLogoutButton" finished-at="2022-09-20T16:57:17 IST" duration-ms="5464" status="PASS">
          <params>
            <param index="0">
              <value>
                <![CDATA[[TestResult name=buyShare status=SUCCESS method=TestNgTestClass.buyShare()[pri:0, instance:tempTestPack.TestNgTestClass@4f6ee6e4] output={null}]]]>
              </value>
            </param>
          </params>
          <reporter-output>
          </reporter-output>
        </test-method> <!-- clickOnLogoutButton -->
        <test-method is-config="true" signature="beforeMethod()[pri:0, instance:tempTestPack.TestNgTestClass@4f6ee6e4]" started-at="2022-09-20T16:57:17 IST" name="beforeMethod" finished-at="2022-09-20T16:57:18 IST" duration-ms="905" status="PASS">
          <reporter-output>
          </reporter-output>
        </test-method> <!-- beforeMethod -->
        <test-method signature="testMethod()[pri:0, instance:tempTestPack.TestNgTestClass@4f6ee6e4]" started-at="2022-09-20T16:57:18 IST" name="testMethod" finished-at="2022-09-20T16:57:22 IST" duration-ms="3708" status="PASS">
          <reporter-output>
          </reporter-output>
        </test-method> <!-- testMethod -->
        <test-method is-config="true" signature="clickOnLogoutButton(org.testng.ITestResult)[pri:0, instance:tempTestPack.TestNgTestClass@4f6ee6e4]" started-at="2022-09-20T16:57:22 IST" name="clickOnLogoutButton" finished-at="2022-09-20T16:57:23 IST" duration-ms="1418" status="PASS">
          <params>
            <param index="0">
              <value>
                <![CDATA[[TestResult name=testMethod status=SUCCESS method=TestNgTestClass.testMethod()[pri:0, instance:tempTestPack.TestNgTestClass@4f6ee6e4] output={null}]]]>
              </value>
            </param>
          </params>
          <reporter-output>
          </reporter-output>
        </test-method> <!-- clickOnLogoutButton -->
        <test-method is-config="true" signature="cleanPOMObjects()[pri:0, instance:tempTestPack.TestNgTestClass@4f6ee6e4]" started-at="2022-09-20T16:57:23 IST" name="cleanPOMObjects" finished-at="2022-09-20T16:57:23 IST" duration-ms="0" status="PASS">
          <reporter-output>
          </reporter-output>
        </test-method> <!-- cleanPOMObjects -->
        <test-method is-config="true" signature="closedBrowser()[pri:0, instance:tempTestPack.TestNgTestClass@4f6ee6e4]" started-at="2022-09-20T16:58:58 IST" name="closedBrowser" finished-at="2022-09-20T16:59:00 IST" duration-ms="2361" status="PASS">
          <reporter-output>
          </reporter-output>
        </test-method> <!-- closedBrowser -->
      </class> <!-- tempTestPack.TestNgTestClass -->
    </test> <!-- ChromeTest -->
  </suite> <!-- Suite1234 -->
</testng-results>
