<?xml version="1.0" encoding="UTF-8"?>
<!-- Generated by org.testng.reporters.JUnitXMLReporter -->
<testsuite ignored="0" hostname="Sanjog-PC" failures="0" tests="4" name="Test" time="68.462" errors="0" timestamp="2022-09-13T10:30:48 IST">
  <testcase classname="tempTestPack.TestNgTestClass" name="buyShare" time="2.695"/>
  <testcase classname="tempTestPack.TestNgTestClass" name="testMethod" time="1.391"/>
  <testcase classname="tempTestPack.TestNgTestClass2" name="test" time="12.398"/>
  <testcase classname="tempTestPack.TestNgTestClass2" name="test1" time="12.579"/>
</testsuite> <!-- Test -->
